OpenJDK 64-Bit Server VM warning: Ignoring option PermSize; support was removed in 8.0
OpenJDK 64-Bit Server VM warning: Ignoring option MaxPermSize; support was removed in 8.0
OpenJDK 64-Bit Server VM warning: Option UseConcMarkSweepGC was deprecated in version 9.0 and will likely be removed in a future release.
Unrecognized VM option 'UseCMSCompactAtFullCollection'
Error: Could not create the Java Virtual Machine.
Error: A fatal exception has occurred. Program will exit.
OpenJDK 64-Bit Server VM warning: ignoring option PermSize=96m; support was removed in 8.0
OpenJDK 64-Bit Server VM warning: ignoring option MaxPermSize=256m; support was removed in 8.0
OpenJDK 64-Bit Server VM warning: UseCMSCompactAtFullCollection is deprecated and will likely be removed in a future release.
OpenJDK 64-Bit Server VM warning: ignoring option PermSize=96m; support was removed in 8.0
OpenJDK 64-Bit Server VM warning: ignoring option MaxPermSize=256m; support was removed in 8.0
OpenJDK 64-Bit Server VM warning: UseCMSCompactAtFullCollection is deprecated and will likely be removed in a future release.
OpenJDK 64-Bit Server VM warning: ignoring option PermSize=96m; support was removed in 8.0
OpenJDK 64-Bit Server VM warning: ignoring option MaxPermSize=256m; support was removed in 8.0
OpenJDK 64-Bit Server VM warning: UseCMSCompactAtFullCollection is deprecated and will likely be removed in a future release.
OpenJDK 64-Bit Server VM warning: ignoring option PermSize=96m; support was removed in 8.0
OpenJDK 64-Bit Server VM warning: ignoring option MaxPermSize=256m; support was removed in 8.0
OpenJDK 64-Bit Server VM warning: UseCMSCompactAtFullCollection is deprecated and will likely be removed in a future release.
OpenJDK 64-Bit Server VM warning: ignoring option PermSize=96m; support was removed in 8.0
OpenJDK 64-Bit Server VM warning: ignoring option MaxPermSize=256m; support was removed in 8.0
OpenJDK 64-Bit Server VM warning: UseCMSCompactAtFullCollection is deprecated and will likely be removed in a future release.
OpenJDK 64-Bit Server VM warning: ignoring option PermSize=96m; support was removed in 8.0
OpenJDK 64-Bit Server VM warning: ignoring option MaxPermSize=256m; support was removed in 8.0
OpenJDK 64-Bit Server VM warning: UseCMSCompactAtFullCollection is deprecated and will likely be removed in a future release.
OpenJDK 64-Bit Server VM warning: ignoring option PermSize=96m; support was removed in 8.0
OpenJDK 64-Bit Server VM warning: ignoring option MaxPermSize=256m; support was removed in 8.0
OpenJDK 64-Bit Server VM warning: UseCMSCompactAtFullCollection is deprecated and will likely be removed in a future release.
OpenJDK 64-Bit Server VM warning: ignoring option PermSize=96m; support was removed in 8.0
OpenJDK 64-Bit Server VM warning: ignoring option MaxPermSize=256m; support was removed in 8.0
OpenJDK 64-Bit Server VM warning: UseCMSCompactAtFullCollection is deprecated and will likely be removed in a future release.
OpenJDK 64-Bit Server VM warning: ignoring option PermSize=96m; support was removed in 8.0
OpenJDK 64-Bit Server VM warning: ignoring option MaxPermSize=256m; support was removed in 8.0
OpenJDK 64-Bit Server VM warning: UseCMSCompactAtFullCollection is deprecated and will likely be removed in a future release.
OpenJDK 64-Bit Server VM warning: ignoring option PermSize=96m; support was removed in 8.0
OpenJDK 64-Bit Server VM warning: ignoring option MaxPermSize=256m; support was removed in 8.0
OpenJDK 64-Bit Server VM warning: UseCMSCompactAtFullCollection is deprecated and will likely be removed in a future release.
OpenJDK 64-Bit Server VM warning: ignoring option PermSize=96m; support was removed in 8.0
OpenJDK 64-Bit Server VM warning: ignoring option MaxPermSize=256m; support was removed in 8.0
OpenJDK 64-Bit Server VM warning: UseCMSCompactAtFullCollection is deprecated and will likely be removed in a future release.
OpenJDK 64-Bit Server VM warning: ignoring option PermSize=96m; support was removed in 8.0
OpenJDK 64-Bit Server VM warning: ignoring option MaxPermSize=256m; support was removed in 8.0
OpenJDK 64-Bit Server VM warning: UseCMSCompactAtFullCollection is deprecated and will likely be removed in a future release.
OpenJDK 64-Bit Server VM warning: ignoring option PermSize=96m; support was removed in 8.0
OpenJDK 64-Bit Server VM warning: ignoring option MaxPermSize=256m; support was removed in 8.0
OpenJDK 64-Bit Server VM warning: UseCMSCompactAtFullCollection is deprecated and will likely be removed in a future release.
OpenJDK 64-Bit Server VM warning: ignoring option PermSize=96m; support was removed in 8.0
OpenJDK 64-Bit Server VM warning: ignoring option MaxPermSize=256m; support was removed in 8.0
OpenJDK 64-Bit Server VM warning: UseCMSCompactAtFullCollection is deprecated and will likely be removed in a future release.
OpenJDK 64-Bit Server VM warning: ignoring option PermSize=96m; support was removed in 8.0
OpenJDK 64-Bit Server VM warning: ignoring option MaxPermSize=256m; support was removed in 8.0
OpenJDK 64-Bit Server VM warning: UseCMSCompactAtFullCollection is deprecated and will likely be removed in a future release.
OpenJDK 64-Bit Server VM warning: ignoring option PermSize=96m; support was removed in 8.0
OpenJDK 64-Bit Server VM warning: ignoring option MaxPermSize=256m; support was removed in 8.0
OpenJDK 64-Bit Server VM warning: UseCMSCompactAtFullCollection is deprecated and will likely be removed in a future release.
OpenJDK 64-Bit Server VM warning: ignoring option PermSize=96m; support was removed in 8.0
OpenJDK 64-Bit Server VM warning: ignoring option MaxPermSize=256m; support was removed in 8.0
OpenJDK 64-Bit Server VM warning: UseCMSCompactAtFullCollection is deprecated and will likely be removed in a future release.
OpenJDK 64-Bit Server VM warning: ignoring option PermSize=96m; support was removed in 8.0
OpenJDK 64-Bit Server VM warning: ignoring option MaxPermSize=256m; support was removed in 8.0
OpenJDK 64-Bit Server VM warning: UseCMSCompactAtFullCollection is deprecated and will likely be removed in a future release.
OpenJDK 64-Bit Server VM warning: ignoring option PermSize=96m; support was removed in 8.0
OpenJDK 64-Bit Server VM warning: ignoring option MaxPermSize=256m; support was removed in 8.0
OpenJDK 64-Bit Server VM warning: UseCMSCompactAtFullCollection is deprecated and will likely be removed in a future release.
OpenJDK 64-Bit Server VM warning: ignoring option PermSize=96m; support was removed in 8.0
OpenJDK 64-Bit Server VM warning: ignoring option MaxPermSize=256m; support was removed in 8.0
OpenJDK 64-Bit Server VM warning: UseCMSCompactAtFullCollection is deprecated and will likely be removed in a future release.
